C:\DOCUMENTS AND SETTINGS\S.BANGALORE-VENKATES\MES DOCUMENTS\VISUAL STUDIO 2010\PROJECTS\OBREC\DEBUG\OBREC.EXE
C:\DOCUMENTS AND SETTINGS\S.BANGALORE-VENKATES\MES DOCUMENTS\VISUAL STUDIO 2010\PROJECTS\OBREC\DEBUG\OBREC.ILK
C:\DOCUMENTS AND SETTINGS\S.BANGALORE-VENKATES\MES DOCUMENTS\VISUAL STUDIO 2010\PROJECTS\OBREC\DEBUG\OBREC.PDB
C:\DOCUMENTS AND SETTINGS\S.BANGALORE-VENKATES\MES DOCUMENTS\VISUAL STUDIO 2010\PROJECTS\OBREC\OBREC\DEBUG\BRIEF.OBJ
C:\Documents and Settings\s.bangalore-venkates\mes documents\visual studio 2010\Projects\obrec\obrec\Debug\cl.command.1.tlog
C:\Documents and Settings\s.bangalore-venkates\mes documents\visual studio 2010\Projects\obrec\obrec\Debug\CL.read.1.tlog
C:\Documents and Settings\s.bangalore-venkates\mes documents\visual studio 2010\Projects\obrec\obrec\Debug\CL.write.1.tlog
C:\Documents and Settings\s.bangalore-venkates\mes documents\visual studio 2010\Projects\obrec\obrec\Debug\link.1744.read.1.tlog
C:\Documents and Settings\s.bangalore-venkates\mes documents\visual studio 2010\Projects\obrec\obrec\Debug\link.1744.write.1.tlog
C:\Documents and Settings\s.bangalore-venkates\mes documents\visual studio 2010\Projects\obrec\obrec\Debug\link.1744-cvtres.read.1.tlog
C:\Documents and Settings\s.bangalore-venkates\mes documents\visual studio 2010\Projects\obrec\obrec\Debug\link.1744-cvtres.write.1.tlog
C:\Documents and Settings\s.bangalore-venkates\mes documents\visual studio 2010\Projects\obrec\obrec\Debug\link.3032.read.1.tlog
C:\Documents and Settings\s.bangalore-venkates\mes documents\visual studio 2010\Projects\obrec\obrec\Debug\link.3032.write.1.tlog
C:\Documents and Settings\s.bangalore-venkates\mes documents\visual studio 2010\Projects\obrec\obrec\Debug\link.3032-cvtres.read.1.tlog
C:\Documents and Settings\s.bangalore-venkates\mes documents\visual studio 2010\Projects\obrec\obrec\Debug\link.3032-cvtres.write.1.tlog
C:\Documents and Settings\s.bangalore-venkates\mes documents\visual studio 2010\Projects\obrec\obrec\Debug\link.3364.read.1.tlog
C:\Documents and Settings\s.bangalore-venkates\mes documents\visual studio 2010\Projects\obrec\obrec\Debug\link.3364.write.1.tlog
C:\Documents and Settings\s.bangalore-venkates\mes documents\visual studio 2010\Projects\obrec\obrec\Debug\link.3364-cvtres.read.1.tlog
C:\Documents and Settings\s.bangalore-venkates\mes documents\visual studio 2010\Projects\obrec\obrec\Debug\link.3364-cvtres.write.1.tlog
C:\Documents and Settings\s.bangalore-venkates\mes documents\visual studio 2010\Projects\obrec\obrec\Debug\link.3712.read.1.tlog
C:\Documents and Settings\s.bangalore-venkates\mes documents\visual studio 2010\Projects\obrec\obrec\Debug\link.3712.write.1.tlog
C:\Documents and Settings\s.bangalore-venkates\mes documents\visual studio 2010\Projects\obrec\obrec\Debug\link.3712-cvtres.read.1.tlog
C:\Documents and Settings\s.bangalore-venkates\mes documents\visual studio 2010\Projects\obrec\obrec\Debug\link.3712-cvtres.write.1.tlog
C:\Documents and Settings\s.bangalore-venkates\mes documents\visual studio 2010\Projects\obrec\obrec\Debug\link.3804.read.1.tlog
C:\Documents and Settings\s.bangalore-venkates\mes documents\visual studio 2010\Projects\obrec\obrec\Debug\link.3804.write.1.tlog
C:\Documents and Settings\s.bangalore-venkates\mes documents\visual studio 2010\Projects\obrec\obrec\Debug\link.3804-cvtres.read.1.tlog
C:\Documents and Settings\s.bangalore-venkates\mes documents\visual studio 2010\Projects\obrec\obrec\Debug\link.3804-cvtres.write.1.tlog
C:\Documents and Settings\s.bangalore-venkates\mes documents\visual studio 2010\Projects\obrec\obrec\Debug\link.3852.read.1.tlog
C:\Documents and Settings\s.bangalore-venkates\mes documents\visual studio 2010\Projects\obrec\obrec\Debug\link.3852.write.1.tlog
C:\Documents and Settings\s.bangalore-venkates\mes documents\visual studio 2010\Projects\obrec\obrec\Debug\link.3852-cvtres.read.1.tlog
C:\Documents and Settings\s.bangalore-venkates\mes documents\visual studio 2010\Projects\obrec\obrec\Debug\link.3852-cvtres.write.1.tlog
C:\Documents and Settings\s.bangalore-venkates\mes documents\visual studio 2010\Projects\obrec\obrec\Debug\link.4172.read.1.tlog
C:\Documents and Settings\s.bangalore-venkates\mes documents\visual studio 2010\Projects\obrec\obrec\Debug\link.4172.write.1.tlog
C:\Documents and Settings\s.bangalore-venkates\mes documents\visual studio 2010\Projects\obrec\obrec\Debug\link.4172-cvtres.read.1.tlog
C:\Documents and Settings\s.bangalore-venkates\mes documents\visual studio 2010\Projects\obrec\obrec\Debug\link.4172-cvtres.write.1.tlog
C:\Documents and Settings\s.bangalore-venkates\mes documents\visual studio 2010\Projects\obrec\obrec\Debug\link.4376.read.1.tlog
C:\Documents and Settings\s.bangalore-venkates\mes documents\visual studio 2010\Projects\obrec\obrec\Debug\link.4376.write.1.tlog
C:\Documents and Settings\s.bangalore-venkates\mes documents\visual studio 2010\Projects\obrec\obrec\Debug\link.4376-cvtres.read.1.tlog
C:\Documents and Settings\s.bangalore-venkates\mes documents\visual studio 2010\Projects\obrec\obrec\Debug\link.4376-cvtres.write.1.tlog
C:\Documents and Settings\s.bangalore-venkates\mes documents\visual studio 2010\Projects\obrec\obrec\Debug\link.448.read.1.tlog
C:\Documents and Settings\s.bangalore-venkates\mes documents\visual studio 2010\Projects\obrec\obrec\Debug\link.448.write.1.tlog
C:\Documents and Settings\s.bangalore-venkates\mes documents\visual studio 2010\Projects\obrec\obrec\Debug\link.448-cvtres.read.1.tlog
C:\Documents and Settings\s.bangalore-venkates\mes documents\visual studio 2010\Projects\obrec\obrec\Debug\link.448-cvtres.write.1.tlog
C:\Documents and Settings\s.bangalore-venkates\mes documents\visual studio 2010\Projects\obrec\obrec\Debug\link.4540.read.1.tlog
C:\Documents and Settings\s.bangalore-venkates\mes documents\visual studio 2010\Projects\obrec\obrec\Debug\link.4540.write.1.tlog
C:\Documents and Settings\s.bangalore-venkates\mes documents\visual studio 2010\Projects\obrec\obrec\Debug\link.4540-cvtres.read.1.tlog
C:\Documents and Settings\s.bangalore-venkates\mes documents\visual studio 2010\Projects\obrec\obrec\Debug\link.4540-cvtres.write.1.tlog
C:\Documents and Settings\s.bangalore-venkates\mes documents\visual studio 2010\Projects\obrec\obrec\Debug\link.4652.read.1.tlog
C:\Documents and Settings\s.bangalore-venkates\mes documents\visual studio 2010\Projects\obrec\obrec\Debug\link.4652.write.1.tlog
C:\Documents and Settings\s.bangalore-venkates\mes documents\visual studio 2010\Projects\obrec\obrec\Debug\link.4652-cvtres.read.1.tlog
C:\Documents and Settings\s.bangalore-venkates\mes documents\visual studio 2010\Projects\obrec\obrec\Debug\link.4652-cvtres.write.1.tlog
C:\Documents and Settings\s.bangalore-venkates\mes documents\visual studio 2010\Projects\obrec\obrec\Debug\link.4664.read.1.tlog
C:\Documents and Settings\s.bangalore-venkates\mes documents\visual studio 2010\Projects\obrec\obrec\Debug\link.4664.write.1.tlog
C:\Documents and Settings\s.bangalore-venkates\mes documents\visual studio 2010\Projects\obrec\obrec\Debug\link.4664-cvtres.read.1.tlog
C:\Documents and Settings\s.bangalore-venkates\mes documents\visual studio 2010\Projects\obrec\obrec\Debug\link.4664-cvtres.write.1.tlog
C:\Documents and Settings\s.bangalore-venkates\mes documents\visual studio 2010\Projects\obrec\obrec\Debug\link.4784.read.1.tlog
C:\Documents and Settings\s.bangalore-venkates\mes documents\visual studio 2010\Projects\obrec\obrec\Debug\link.4784.write.1.tlog
C:\Documents and Settings\s.bangalore-venkates\mes documents\visual studio 2010\Projects\obrec\obrec\Debug\link.4784-cvtres.read.1.tlog
C:\Documents and Settings\s.bangalore-venkates\mes documents\visual studio 2010\Projects\obrec\obrec\Debug\link.4784-cvtres.write.1.tlog
C:\Documents and Settings\s.bangalore-venkates\mes documents\visual studio 2010\Projects\obrec\obrec\Debug\link.5000.read.1.tlog
C:\Documents and Settings\s.bangalore-venkates\mes documents\visual studio 2010\Projects\obrec\obrec\Debug\link.5000.write.1.tlog
C:\Documents and Settings\s.bangalore-venkates\mes documents\visual studio 2010\Projects\obrec\obrec\Debug\link.5000-cvtres.read.1.tlog
C:\Documents and Settings\s.bangalore-venkates\mes documents\visual studio 2010\Projects\obrec\obrec\Debug\link.5000-cvtres.write.1.tlog
C:\Documents and Settings\s.bangalore-venkates\mes documents\visual studio 2010\Projects\obrec\obrec\Debug\link.5104.read.1.tlog
C:\Documents and Settings\s.bangalore-venkates\mes documents\visual studio 2010\Projects\obrec\obrec\Debug\link.5104.write.1.tlog
C:\Documents and Settings\s.bangalore-venkates\mes documents\visual studio 2010\Projects\obrec\obrec\Debug\link.5104-cvtres.read.1.tlog
C:\Documents and Settings\s.bangalore-venkates\mes documents\visual studio 2010\Projects\obrec\obrec\Debug\link.5104-cvtres.write.1.tlog
C:\Documents and Settings\s.bangalore-venkates\mes documents\visual studio 2010\Projects\obrec\obrec\Debug\link.5112.read.1.tlog
C:\Documents and Settings\s.bangalore-venkates\mes documents\visual studio 2010\Projects\obrec\obrec\Debug\link.5112.write.1.tlog
C:\Documents and Settings\s.bangalore-venkates\mes documents\visual studio 2010\Projects\obrec\obrec\Debug\link.5112-cvtres.read.1.tlog
C:\Documents and Settings\s.bangalore-venkates\mes documents\visual studio 2010\Projects\obrec\obrec\Debug\link.5112-cvtres.write.1.tlog
C:\Documents and Settings\s.bangalore-venkates\mes documents\visual studio 2010\Projects\obrec\obrec\Debug\link.5172.read.1.tlog
C:\Documents and Settings\s.bangalore-venkates\mes documents\visual studio 2010\Projects\obrec\obrec\Debug\link.5172.write.1.tlog
C:\Documents and Settings\s.bangalore-venkates\mes documents\visual studio 2010\Projects\obrec\obrec\Debug\link.5172-cvtres.read.1.tlog
C:\Documents and Settings\s.bangalore-venkates\mes documents\visual studio 2010\Projects\obrec\obrec\Debug\link.5172-cvtres.write.1.tlog
C:\Documents and Settings\s.bangalore-venkates\mes documents\visual studio 2010\Projects\obrec\obrec\Debug\link.5184.read.1.tlog
C:\Documents and Settings\s.bangalore-venkates\mes documents\visual studio 2010\Projects\obrec\obrec\Debug\link.5184.write.1.tlog
C:\Documents and Settings\s.bangalore-venkates\mes documents\visual studio 2010\Projects\obrec\obrec\Debug\link.5184-cvtres.read.1.tlog
C:\Documents and Settings\s.bangalore-venkates\mes documents\visual studio 2010\Projects\obrec\obrec\Debug\link.5184-cvtres.write.1.tlog
C:\Documents and Settings\s.bangalore-venkates\mes documents\visual studio 2010\Projects\obrec\obrec\Debug\link.5256.read.1.tlog
C:\Documents and Settings\s.bangalore-venkates\mes documents\visual studio 2010\Projects\obrec\obrec\Debug\link.5256.write.1.tlog
C:\Documents and Settings\s.bangalore-venkates\mes documents\visual studio 2010\Projects\obrec\obrec\Debug\link.5256-cvtres.read.1.tlog
C:\Documents and Settings\s.bangalore-venkates\mes documents\visual studio 2010\Projects\obrec\obrec\Debug\link.5256-cvtres.write.1.tlog
C:\Documents and Settings\s.bangalore-venkates\mes documents\visual studio 2010\Projects\obrec\obrec\Debug\link.5288.read.1.tlog
C:\Documents and Settings\s.bangalore-venkates\mes documents\visual studio 2010\Projects\obrec\obrec\Debug\link.5288.write.1.tlog
C:\Documents and Settings\s.bangalore-venkates\mes documents\visual studio 2010\Projects\obrec\obrec\Debug\link.5288-cvtres.read.1.tlog
C:\Documents and Settings\s.bangalore-venkates\mes documents\visual studio 2010\Projects\obrec\obrec\Debug\link.5288-cvtres.write.1.tlog
C:\Documents and Settings\s.bangalore-venkates\mes documents\visual studio 2010\Projects\obrec\obrec\Debug\link.5448.read.1.tlog
C:\Documents and Settings\s.bangalore-venkates\mes documents\visual studio 2010\Projects\obrec\obrec\Debug\link.5448.write.1.tlog
C:\Documents and Settings\s.bangalore-venkates\mes documents\visual studio 2010\Projects\obrec\obrec\Debug\link.5448-cvtres.read.1.tlog
C:\Documents and Settings\s.bangalore-venkates\mes documents\visual studio 2010\Projects\obrec\obrec\Debug\link.5448-cvtres.write.1.tlog
C:\Documents and Settings\s.bangalore-venkates\mes documents\visual studio 2010\Projects\obrec\obrec\Debug\link.5536.read.1.tlog
C:\Documents and Settings\s.bangalore-venkates\mes documents\visual studio 2010\Projects\obrec\obrec\Debug\link.5536.write.1.tlog
C:\Documents and Settings\s.bangalore-venkates\mes documents\visual studio 2010\Projects\obrec\obrec\Debug\link.5536-cvtres.read.1.tlog
C:\Documents and Settings\s.bangalore-venkates\mes documents\visual studio 2010\Projects\obrec\obrec\Debug\link.5536-cvtres.write.1.tlog
C:\Documents and Settings\s.bangalore-venkates\mes documents\visual studio 2010\Projects\obrec\obrec\Debug\link.556.read.1.tlog
C:\Documents and Settings\s.bangalore-venkates\mes documents\visual studio 2010\Projects\obrec\obrec\Debug\link.556.write.1.tlog
C:\Documents and Settings\s.bangalore-venkates\mes documents\visual studio 2010\Projects\obrec\obrec\Debug\link.556-cvtres.read.1.tlog
C:\Documents and Settings\s.bangalore-venkates\mes documents\visual studio 2010\Projects\obrec\obrec\Debug\link.556-cvtres.write.1.tlog
C:\Documents and Settings\s.bangalore-venkates\mes documents\visual studio 2010\Projects\obrec\obrec\Debug\link.5572.read.1.tlog
C:\Documents and Settings\s.bangalore-venkates\mes documents\visual studio 2010\Projects\obrec\obrec\Debug\link.5572.write.1.tlog
C:\Documents and Settings\s.bangalore-venkates\mes documents\visual studio 2010\Projects\obrec\obrec\Debug\link.5572-cvtres.read.1.tlog
C:\Documents and Settings\s.bangalore-venkates\mes documents\visual studio 2010\Projects\obrec\obrec\Debug\link.5572-cvtres.write.1.tlog
C:\Documents and Settings\s.bangalore-venkates\mes documents\visual studio 2010\Projects\obrec\obrec\Debug\link.5608.read.1.tlog
C:\Documents and Settings\s.bangalore-venkates\mes documents\visual studio 2010\Projects\obrec\obrec\Debug\link.5608.write.1.tlog
C:\Documents and Settings\s.bangalore-venkates\mes documents\visual studio 2010\Projects\obrec\obrec\Debug\link.5608-cvtres.read.1.tlog
C:\Documents and Settings\s.bangalore-venkates\mes documents\visual studio 2010\Projects\obrec\obrec\Debug\link.5608-cvtres.write.1.tlog
C:\Documents and Settings\s.bangalore-venkates\mes documents\visual studio 2010\Projects\obrec\obrec\Debug\link.5840.read.1.tlog
C:\Documents and Settings\s.bangalore-venkates\mes documents\visual studio 2010\Projects\obrec\obrec\Debug\link.5840.write.1.tlog
C:\Documents and Settings\s.bangalore-venkates\mes documents\visual studio 2010\Projects\obrec\obrec\Debug\link.5840-cvtres.read.1.tlog
C:\Documents and Settings\s.bangalore-venkates\mes documents\visual studio 2010\Projects\obrec\obrec\Debug\link.5840-cvtres.write.1.tlog
C:\Documents and Settings\s.bangalore-venkates\mes documents\visual studio 2010\Projects\obrec\obrec\Debug\link.5848.read.1.tlog
C:\Documents and Settings\s.bangalore-venkates\mes documents\visual studio 2010\Projects\obrec\obrec\Debug\link.5848.write.1.tlog
C:\Documents and Settings\s.bangalore-venkates\mes documents\visual studio 2010\Projects\obrec\obrec\Debug\link.5848-cvtres.read.1.tlog
C:\Documents and Settings\s.bangalore-venkates\mes documents\visual studio 2010\Projects\obrec\obrec\Debug\link.5848-cvtres.write.1.tlog
C:\Documents and Settings\s.bangalore-venkates\mes documents\visual studio 2010\Projects\obrec\obrec\Debug\link.6080.read.1.tlog
C:\Documents and Settings\s.bangalore-venkates\mes documents\visual studio 2010\Projects\obrec\obrec\Debug\link.6080.write.1.tlog
C:\Documents and Settings\s.bangalore-venkates\mes documents\visual studio 2010\Projects\obrec\obrec\Debug\link.6080-cvtres.read.1.tlog
C:\Documents and Settings\s.bangalore-venkates\mes documents\visual studio 2010\Projects\obrec\obrec\Debug\link.6080-cvtres.write.1.tlog
C:\Documents and Settings\s.bangalore-venkates\mes documents\visual studio 2010\Projects\obrec\obrec\Debug\link.command.1.tlog
C:\Documents and Settings\s.bangalore-venkates\mes documents\visual studio 2010\Projects\obrec\obrec\Debug\link.read.1.tlog
C:\Documents and Settings\s.bangalore-venkates\mes documents\visual studio 2010\Projects\obrec\obrec\Debug\link.write.1.tlog
C:\Documents and Settings\s.bangalore-venkates\mes documents\visual studio 2010\Projects\obrec\obrec\Debug\link-cvtres.read.1.tlog
C:\Documents and Settings\s.bangalore-venkates\mes documents\visual studio 2010\Projects\obrec\obrec\Debug\link-cvtres.write.1.tlog
C:\DOCUMENTS AND SETTINGS\S.BANGALORE-VENKATES\MES DOCUMENTS\VISUAL STUDIO 2010\PROJECTS\OBREC\OBREC\DEBUG\MAIN.OBJ
C:\Documents and Settings\s.bangalore-venkates\mes documents\visual studio 2010\Projects\obrec\obrec\Debug\mt.command.1.tlog
C:\Documents and Settings\s.bangalore-venkates\mes documents\visual studio 2010\Projects\obrec\obrec\Debug\mt.read.1.tlog
C:\Documents and Settings\s.bangalore-venkates\mes documents\visual studio 2010\Projects\obrec\obrec\Debug\mt.write.1.tlog
C:\DOCUMENTS AND SETTINGS\S.BANGALORE-VENKATES\MES DOCUMENTS\VISUAL STUDIO 2010\PROJECTS\OBREC\OBREC\DEBUG\OBREC.EXE.EMBED.MANIFEST
C:\DOCUMENTS AND SETTINGS\S.BANGALORE-VENKATES\MES DOCUMENTS\VISUAL STUDIO 2010\PROJECTS\OBREC\OBREC\DEBUG\OBREC.EXE.EMBED.MANIFEST.RES
C:\DOCUMENTS AND SETTINGS\S.BANGALORE-VENKATES\MES DOCUMENTS\VISUAL STUDIO 2010\PROJECTS\OBREC\OBREC\DEBUG\OBREC.EXE.INTERMEDIATE.MANIFEST
C:\DOCUMENTS AND SETTINGS\S.BANGALORE-VENKATES\MES DOCUMENTS\VISUAL STUDIO 2010\PROJECTS\OBREC\OBREC\DEBUG\OBREC.PCH
C:\Documents and Settings\s.bangalore-venkates\mes documents\visual studio 2010\Projects\obrec\obrec\Debug\obrec_manifest.rc
C:\Documents and Settings\s.bangalore-venkates\mes documents\visual studio 2010\Projects\obrec\obrec\Debug\rc.command.1.tlog
C:\Documents and Settings\s.bangalore-venkates\mes documents\visual studio 2010\Projects\obrec\obrec\Debug\rc.read.1.tlog
C:\Documents and Settings\s.bangalore-venkates\mes documents\visual studio 2010\Projects\obrec\obrec\Debug\rc.write.1.tlog
C:\DOCUMENTS AND SETTINGS\S.BANGALORE-VENKATES\MES DOCUMENTS\VISUAL STUDIO 2010\PROJECTS\OBREC\OBREC\DEBUG\STDAFX.OBJ
C:\Documents and Settings\s.bangalore-venkates\mes documents\visual studio 2010\Projects\obrec\obrec\Debug\vc100.idb
C:\DOCUMENTS AND SETTINGS\S.BANGALORE-VENKATES\MES DOCUMENTS\VISUAL STUDIO 2010\PROJECTS\OBREC\OBREC\DEBUG\VC100.PDB
