La génération a démarré 10/07/2014 09:48:22.
     1>Projet "C:\Documents and Settings\s.bangalore-venkates\mes documents\visual studio 2010\Projects\obrec\obrec\obrec.vcxproj" sur le nœud 2 (build cible(s)).
     1>InitializeBuildStatus:
         Création de "Debug\obrec.unsuccessfulbuild", car "AlwaysCreate" a été spécifié.
       ClCompile:
         Toutes les sorties sont à jour.
         c:\Program Files\Microsoft Visual Studio 10.0\VC\bin\CL.exe /c /IC:\opencv\build\x86\vc10\..\..\include /ZI /nologo /W3 /WX- /Od /Oy- /D WIN32 /D _DEBUG /D _CONSOLE /D _UNICODE /D UNICODE /Gm /EHsc /RTC1 /MDd /GS /arch:SSE2 /fp:precise /Zc:wchar_t /Zc:forScope /openmp /Yu"StdAfx.h" /Fp"Debug\obrec.pch" /Fo"Debug\\" /Fd"Debug\vc100.pdb" /Gd /TP /analyze- /errorReport:prompt main.cpp
         main.cpp
     1>c:\opencv\build\include\opencv2\flann\logger.h(66): warning C4996: 'fopen': This function or variable may be unsafe. Consider using fopen_s instead. To disable deprecation, use _CRT_SECURE_NO_WARNINGS. See online help for details.
                 c:\program files\microsoft visual studio 10.0\vc\include\stdio.h(234) : voir la déclaration de 'fopen'
     1>c:\opencv\build\include\opencv2\legacy\blobtrack.hpp(187): warning C4996: 'strcpy': This function or variable may be unsafe. Consider using strcpy_s instead. To disable deprecation, use _CRT_SECURE_NO_WARNINGS. See online help for details.
                 c:\program files\microsoft visual studio 10.0\vc\include\string.h(105) : voir la déclaration de 'strcpy'
     1>c:\opencv\build\include\opencv2\legacy\blobtrack.hpp(256): warning C4996: 'strcat': This function or variable may be unsafe. Consider using strcat_s instead. To disable deprecation, use _CRT_SECURE_NO_WARNINGS. See online help for details.
                 c:\program files\microsoft visual studio 10.0\vc\include\string.h(110) : voir la déclaration de 'strcat'
     1>c:\documents and settings\s.bangalore-venkates\mes documents\visual studio 2010\projects\obrec\obrec\main.cpp(281): warning C4244: 'return' : conversion de 'double' en 'float', perte possible de données
     1>c:\documents and settings\s.bangalore-venkates\mes documents\visual studio 2010\projects\obrec\obrec\main.cpp(365): warning C4244: 'argument' : conversion de 'const double' en 'const int', perte possible de données
     1>c:\documents and settings\s.bangalore-venkates\mes documents\visual studio 2010\projects\obrec\obrec\main.cpp(365): warning C4244: 'argument' : conversion de 'const double' en 'const int', perte possible de données
     1>c:\documents and settings\s.bangalore-venkates\mes documents\visual studio 2010\projects\obrec\obrec\main.cpp(365): warning C4244: 'argument' : conversion de 'const double' en 'const int', perte possible de données
     1>c:\documents and settings\s.bangalore-venkates\mes documents\visual studio 2010\projects\obrec\obrec\main.cpp(365): warning C4244: 'argument' : conversion de 'const double' en 'const int', perte possible de données
     1>c:\documents and settings\s.bangalore-venkates\mes documents\visual studio 2010\projects\obrec\obrec\main.cpp(365): warning C4244: 'argument' : conversion de 'const double' en 'const int', perte possible de données
     1>c:\documents and settings\s.bangalore-venkates\mes documents\visual studio 2010\projects\obrec\obrec\main.cpp(365): warning C4244: 'argument' : conversion de 'const double' en 'const int', perte possible de données
     1>c:\documents and settings\s.bangalore-venkates\mes documents\visual studio 2010\projects\obrec\obrec\main.cpp(365): warning C4244: 'argument' : conversion de 'const double' en 'const int', perte possible de données
     1>c:\documents and settings\s.bangalore-venkates\mes documents\visual studio 2010\projects\obrec\obrec\main.cpp(365): warning C4244: 'argument' : conversion de 'const double' en 'const int', perte possible de données
     1>c:\documents and settings\s.bangalore-venkates\mes documents\visual studio 2010\projects\obrec\obrec\main.cpp(379): warning C4244: 'argument' : conversion de 'const float' en 'const int', perte possible de données
     1>c:\documents and settings\s.bangalore-venkates\mes documents\visual studio 2010\projects\obrec\obrec\main.cpp(379): warning C4244: 'argument' : conversion de 'const float' en 'const int', perte possible de données
     1>c:\documents and settings\s.bangalore-venkates\mes documents\visual studio 2010\projects\obrec\obrec\main.cpp(429): warning C4244: 'argument' : conversion de 'double' en 'int', perte possible de données
     1>c:\documents and settings\s.bangalore-venkates\mes documents\visual studio 2010\projects\obrec\obrec\main.cpp(429): warning C4244: 'argument' : conversion de 'double' en 'int', perte possible de données
     1>c:\documents and settings\s.bangalore-venkates\mes documents\visual studio 2010\projects\obrec\obrec\main.cpp(431): warning C4244: 'argument' : conversion de 'double' en 'int', perte possible de données
     1>c:\documents and settings\s.bangalore-venkates\mes documents\visual studio 2010\projects\obrec\obrec\main.cpp(431): warning C4244: 'argument' : conversion de 'double' en 'int', perte possible de données
     1>c:\documents and settings\s.bangalore-venkates\mes documents\visual studio 2010\projects\obrec\obrec\main.cpp(478): warning C4244: 'initialisation' : conversion de 'double' en 'const float', perte possible de données
     1>c:\documents and settings\s.bangalore-venkates\mes documents\visual studio 2010\projects\obrec\obrec\main.cpp(479): warning C4244: 'initialisation' : conversion de 'double' en 'const float', perte possible de données
     1>c:\documents and settings\s.bangalore-venkates\mes documents\visual studio 2010\projects\obrec\obrec\main.cpp(491): warning C4244: 'initialisation' : conversion de 'const int' en 'const float', perte possible de données
     1>c:\documents and settings\s.bangalore-venkates\mes documents\visual studio 2010\projects\obrec\obrec\main.cpp(494): warning C4244: 'initialisation' : conversion de 'double' en 'const float', perte possible de données
     1>c:\documents and settings\s.bangalore-venkates\mes documents\visual studio 2010\projects\obrec\obrec\main.cpp(495): warning C4244: 'initialisation' : conversion de 'double' en 'const float', perte possible de données
     1>c:\documents and settings\s.bangalore-venkates\mes documents\visual studio 2010\projects\obrec\obrec\main.cpp(531): warning C4996: 'sprintf': This function or variable may be unsafe. Consider using sprintf_s instead. To disable deprecation, use _CRT_SECURE_NO_WARNINGS. See online help for details.
                 c:\program files\microsoft visual studio 10.0\vc\include\stdio.h(371) : voir la déclaration de 'sprintf'
     1>c:\documents and settings\s.bangalore-venkates\mes documents\visual studio 2010\projects\obrec\obrec\main.cpp(534): warning C4996: 'sprintf': This function or variable may be unsafe. Consider using sprintf_s instead. To disable deprecation, use _CRT_SECURE_NO_WARNINGS. See online help for details.
                 c:\program files\microsoft visual studio 10.0\vc\include\stdio.h(371) : voir la déclaration de 'sprintf'
     1>c:\documents and settings\s.bangalore-venkates\mes documents\visual studio 2010\projects\obrec\obrec\main.cpp(537): warning C4996: 'sprintf': This function or variable may be unsafe. Consider using sprintf_s instead. To disable deprecation, use _CRT_SECURE_NO_WARNINGS. See online help for details.
                 c:\program files\microsoft visual studio 10.0\vc\include\stdio.h(371) : voir la déclaration de 'sprintf'
     1>c:\documents and settings\s.bangalore-venkates\mes documents\visual studio 2010\projects\obrec\obrec\main.cpp(540): warning C4996: 'sprintf': This function or variable may be unsafe. Consider using sprintf_s instead. To disable deprecation, use _CRT_SECURE_NO_WARNINGS. See online help for details.
                 c:\program files\microsoft visual studio 10.0\vc\include\stdio.h(371) : voir la déclaration de 'sprintf'
     1>c:\documents and settings\s.bangalore-venkates\mes documents\visual studio 2010\projects\obrec\obrec\main.cpp(543): warning C4996: 'sprintf': This function or variable may be unsafe. Consider using sprintf_s instead. To disable deprecation, use _CRT_SECURE_NO_WARNINGS. See online help for details.
                 c:\program files\microsoft visual studio 10.0\vc\include\stdio.h(371) : voir la déclaration de 'sprintf'
     1>c:\documents and settings\s.bangalore-venkates\mes documents\visual studio 2010\projects\obrec\obrec\main.cpp(546): warning C4996: 'sprintf': This function or variable may be unsafe. Consider using sprintf_s instead. To disable deprecation, use _CRT_SECURE_NO_WARNINGS. See online help for details.
                 c:\program files\microsoft visual studio 10.0\vc\include\stdio.h(371) : voir la déclaration de 'sprintf'
     1>c:\documents and settings\s.bangalore-venkates\mes documents\visual studio 2010\projects\obrec\obrec\main.cpp(549): warning C4996: 'sprintf': This function or variable may be unsafe. Consider using sprintf_s instead. To disable deprecation, use _CRT_SECURE_NO_WARNINGS. See online help for details.
                 c:\program files\microsoft visual studio 10.0\vc\include\stdio.h(371) : voir la déclaration de 'sprintf'
     1>c:\documents and settings\s.bangalore-venkates\mes documents\visual studio 2010\projects\obrec\obrec\main.cpp(552): warning C4996: 'sprintf': This function or variable may be unsafe. Consider using sprintf_s instead. To disable deprecation, use _CRT_SECURE_NO_WARNINGS. See online help for details.
                 c:\program files\microsoft visual studio 10.0\vc\include\stdio.h(371) : voir la déclaration de 'sprintf'
     1>c:\documents and settings\s.bangalore-venkates\mes documents\visual studio 2010\projects\obrec\obrec\main.cpp(555): warning C4996: 'sprintf': This function or variable may be unsafe. Consider using sprintf_s instead. To disable deprecation, use _CRT_SECURE_NO_WARNINGS. See online help for details.
                 c:\program files\microsoft visual studio 10.0\vc\include\stdio.h(371) : voir la déclaration de 'sprintf'
     1>c:\documents and settings\s.bangalore-venkates\mes documents\visual studio 2010\projects\obrec\obrec\main.cpp(558): warning C4996: 'sprintf': This function or variable may be unsafe. Consider using sprintf_s instead. To disable deprecation, use _CRT_SECURE_NO_WARNINGS. See online help for details.
                 c:\program files\microsoft visual studio 10.0\vc\include\stdio.h(371) : voir la déclaration de 'sprintf'
     1>c:\documents and settings\s.bangalore-venkates\mes documents\visual studio 2010\projects\obrec\obrec\main.cpp(563): warning C4996: 'sprintf': This function or variable may be unsafe. Consider using sprintf_s instead. To disable deprecation, use _CRT_SECURE_NO_WARNINGS. See online help for details.
                 c:\program files\microsoft visual studio 10.0\vc\include\stdio.h(371) : voir la déclaration de 'sprintf'
     1>c:\documents and settings\s.bangalore-venkates\mes documents\visual studio 2010\projects\obrec\obrec\main.cpp(698): warning C4244: 'initialisation' : conversion de 'double' en 'const float', perte possible de données
     1>c:\documents and settings\s.bangalore-venkates\mes documents\visual studio 2010\projects\obrec\obrec\main.cpp(698): warning C4244: 'initialisation' : conversion de 'double' en 'const float', perte possible de données
     1>c:\documents and settings\s.bangalore-venkates\mes documents\visual studio 2010\projects\obrec\obrec\main.cpp(707): warning C4244: 'initialisation' : conversion de 'double' en 'const float', perte possible de données
     1>c:\documents and settings\s.bangalore-venkates\mes documents\visual studio 2010\projects\obrec\obrec\main.cpp(708): warning C4244: 'initialisation' : conversion de 'double' en 'const float', perte possible de données
     1>c:\documents and settings\s.bangalore-venkates\mes documents\visual studio 2010\projects\obrec\obrec\main.cpp(735): warning C4244: 'argument' : conversion de 'const float' en 'int', perte possible de données
     1>c:\documents and settings\s.bangalore-venkates\mes documents\visual studio 2010\projects\obrec\obrec\main.cpp(735): warning C4244: 'argument' : conversion de 'const float' en 'int', perte possible de données
     1>c:\documents and settings\s.bangalore-venkates\mes documents\visual studio 2010\projects\obrec\obrec\main.cpp(808): warning C4018: '<' : incompatibilité signed/unsigned
     1>c:\documents and settings\s.bangalore-venkates\mes documents\visual studio 2010\projects\obrec\obrec\main.cpp(881): warning C4244: 'argument' : conversion de 'time_t' en 'unsigned int', perte possible de données
     1>c:\documents and settings\s.bangalore-venkates\mes documents\visual studio 2010\projects\obrec\obrec\main.cpp(931): warning C4244: '=' : conversion de 'int64' en 'double', perte possible de données
     1>c:\documents and settings\s.bangalore-venkates\mes documents\visual studio 2010\projects\obrec\obrec\main.cpp(938): warning C4244: '=' : conversion de 'int64' en 'double', perte possible de données
     1>c:\documents and settings\s.bangalore-venkates\mes documents\visual studio 2010\projects\obrec\obrec\main.cpp(968): warning C4244: '=' : conversion de 'int64' en 'double', perte possible de données
     1>c:\documents and settings\s.bangalore-venkates\mes documents\visual studio 2010\projects\obrec\obrec\main.cpp(980): warning C4244: '=' : conversion de 'int64' en 'double', perte possible de données
     1>c:\documents and settings\s.bangalore-venkates\mes documents\visual studio 2010\projects\obrec\obrec\main.cpp(991): warning C4244: '=' : conversion de 'int64' en 'double', perte possible de données
     1>c:\documents and settings\s.bangalore-venkates\mes documents\visual studio 2010\projects\obrec\obrec\main.cpp(1056): warning C4244: 'initialisation' : conversion de 'precision' en 'float', perte possible de données
     1>c:\documents and settings\s.bangalore-venkates\mes documents\visual studio 2010\projects\obrec\obrec\main.cpp(1057): warning C4244: 'initialisation' : conversion de 'precision' en 'float', perte possible de données
     1>c:\documents and settings\s.bangalore-venkates\mes documents\visual studio 2010\projects\obrec\obrec\main.cpp(1112): warning C4996: 'sprintf': This function or variable may be unsafe. Consider using sprintf_s instead. To disable deprecation, use _CRT_SECURE_NO_WARNINGS. See online help for details.
                 c:\program files\microsoft visual studio 10.0\vc\include\stdio.h(371) : voir la déclaration de 'sprintf'
     1>c:\documents and settings\s.bangalore-venkates\mes documents\visual studio 2010\projects\obrec\obrec\main.cpp(1115): warning C4996: 'sprintf': This function or variable may be unsafe. Consider using sprintf_s instead. To disable deprecation, use _CRT_SECURE_NO_WARNINGS. See online help for details.
                 c:\program files\microsoft visual studio 10.0\vc\include\stdio.h(371) : voir la déclaration de 'sprintf'
     1>c:\documents and settings\s.bangalore-venkates\mes documents\visual studio 2010\projects\obrec\obrec\main.cpp(1118): warning C4996: 'sprintf': This function or variable may be unsafe. Consider using sprintf_s instead. To disable deprecation, use _CRT_SECURE_NO_WARNINGS. See online help for details.
                 c:\program files\microsoft visual studio 10.0\vc\include\stdio.h(371) : voir la déclaration de 'sprintf'
     1>c:\documents and settings\s.bangalore-venkates\mes documents\visual studio 2010\projects\obrec\obrec\main.cpp(1122): warning C4244: '=' : conversion de 'int64' en 'double', perte possible de données
     1>c:\documents and settings\s.bangalore-venkates\mes documents\visual studio 2010\projects\obrec\obrec\main.cpp(1659): warning C4996: 'localtime': This function or variable may be unsafe. Consider using localtime_s instead. To disable deprecation, use _CRT_SECURE_NO_WARNINGS. See online help for details.
                 c:\program files\microsoft visual studio 10.0\vc\include\time.inl(112) : voir la déclaration de 'localtime'
     1>c:\documents and settings\s.bangalore-venkates\mes documents\visual studio 2010\projects\obrec\obrec\main.cpp(1682): warning C4996: 'sprintf': This function or variable may be unsafe. Consider using sprintf_s instead. To disable deprecation, use _CRT_SECURE_NO_WARNINGS. See online help for details.
                 c:\program files\microsoft visual studio 10.0\vc\include\stdio.h(371) : voir la déclaration de 'sprintf'
       ManifestResourceCompile:
         Toutes les sorties sont à jour.
       Link:
         c:\Program Files\Microsoft Visual Studio 10.0\VC\bin\link.exe /ERRORREPORT:PROMPT /OUT:"C:\Documents and Settings\s.bangalore-venkates\mes documents\visual studio 2010\Projects\obrec\Debug\obrec.exe" /INCREMENTAL /NOLOGO /LIBPATH:C:\opencv\build\x86\vc10\lib opencv_calib3d249d.lib opencv_contrib249d.lib opencv_core249d.lib opencv_features2d249d.lib opencv_flann249d.lib opencv_gpu249d.lib opencv_highgui249d.lib opencv_imgproc249d.lib opencv_legacy249d.lib opencv_ml249d.lib opencv_nonfree249d.lib opencv_objdetect249d.lib opencv_ocl249d.lib opencv_photo249d.lib opencv_stitching249d.lib opencv_superres249d.lib opencv_ts249d.lib opencv_video249d.lib opencv_videostab249d.lib kernel32.lib user32.lib gdi32.lib winspool.lib comdlg32.lib advapi32.lib shell32.lib ole32.lib oleaut32.lib uuid.lib odbc32.lib odbccp32.lib /MANIFEST /ManifestFile:"Debug\obrec.exe.intermediate.manifest" /MANIFESTUAC:"level='asInvoker' uiAccess='false'" /DEBUG /PDB:"C:\Documents and Settings\s.bangalore-venkates\mes documents\visual studio 2010\Projects\obrec\Debug\obrec.pdb" /SUBSYSTEM:CONSOLE /TLBID:1 /DYNAMICBASE /NXCOMPAT /IMPLIB:"C:\Documents and Settings\s.bangalore-venkates\mes documents\visual studio 2010\Projects\obrec\Debug\obrec.lib" /MACHINE:X86 Debug\obrec.exe.embed.manifest.res
         Debug\BRIEF.obj
         Debug\main.obj
         Debug\stdafx.obj
       Manifest:
         c:\Program Files\Microsoft SDKs\Windows\v7.0A\bin\mt.exe /nologo /verbose /out:"Debug\obrec.exe.embed.manifest" /manifest Debug\obrec.exe.intermediate.manifest
         Toutes les sorties sont à jour.
       LinkEmbedManifest:
         Toutes les sorties sont à jour.
         obrec.vcxproj -> C:\Documents and Settings\s.bangalore-venkates\mes documents\visual studio 2010\Projects\obrec\Debug\obrec.exe
       FinalizeBuildStatus:
         Suppression du fichier "Debug\obrec.unsuccessfulbuild".
         Mise à jour de l'horodatage "Debug\obrec.lastbuildstate".
     1>Génération du projet "C:\Documents and Settings\s.bangalore-venkates\mes documents\visual studio 2010\Projects\obrec\obrec\obrec.vcxproj" terminée (build cible(s)).

La génération a réussi.

Temps écoulé 00:00:02.62
